[15:25:11] INFO <00001> START reqrealbill (4521B20171016Frmpy_reqrealbillWindows 10JSPpure java 1.8.0_171           )
[15:25:11] INFO <00001> TID : INIpayCARDINIBillTst20190729152511097653
[15:25:11] INFO <00001> SIGN OK
[15:25:11] INFO <00001> SET TX_ENCODECHARSET:KSC5601, SYSTEM ENCODING:UTF-8
[15:25:11] INFO <00001> PG ADDRESS(PORT) : 203.238.37.3(9400)
[15:25:11] INFO <00001> Connect to 203.238.37.3, 9400
[15:25:11] INFO <00001> SEND OK, (TX ENCODECHARSET:KSC5601)
[15:25:12] INFO <00001> SOCKET CONNECTION CLOSE
[15:25:12] INFO <00001> SIGN CHECK OK
[15:25:12] INFO <00001> DECRYPT OK
[15:25:12] INFO <00001> TRANSACTION COMPLETE
[15:33:14] INFO <00001> START reqrealbill (4521B20171016Frmpy_reqrealbillWindows 10JSPpure java 1.8.0_171           )
[15:33:14] INFO <00001> TID : INIpayCARDINIBillTst20190729153314192114
[15:33:14] INFO <00001> SIGN OK
[15:33:14] INFO <00001> SET TX_ENCODECHARSET:KSC5601, SYSTEM ENCODING:UTF-8
[15:33:14] INFO <00001> PG ADDRESS(PORT) : 203.238.37.3(9400)
[15:33:14] INFO <00001> Connect to 203.238.37.3, 9400
[15:33:14] INFO <00001> SEND OK, (TX ENCODECHARSET:KSC5601)
[15:33:15] INFO <00001> SOCKET CONNECTION CLOSE
[15:33:15] INFO <00001> SIGN CHECK OK
[15:33:15] INFO <00001> DECRYPT OK
[15:33:15] INFO <00001> TRANSACTION COMPLETE
